<?xml version="1.0" encoding="UTF-8"?>
<testsuite name="com.jungchongmu.demo.DemoApplicationTests" tests="1" skipped="0" failures="0" errors="0" timestamp="2025-07-23T06:27:34.904Z" hostname="Yerinui-MacBookAir.local" time="1.043">
  <properties/>
  <testcase name="contextLoads()" classname="com.jungchongmu.demo.DemoApplicationTests" time="1.043"/>
  <system-out><![CDATA[15:27:33.883 [Test worker] INFO org.springframework.test.context.support.AnnotationConfigContextLoaderUtils -- Could not detect default configuration classes for test class [com.jungchongmu.demo.DemoApplicationTests]: DemoApplicationTests does not declare any static, non-private, non-final, nested classes annotated with @Configuration.
15:27:33.964 [Test worker] INFO org.springframework.boot.test.context.SpringBootTestContextBootstrapper -- Found @SpringBootConfiguration com.jungchongmu.demo.DemoApplication for test class com.jungchongmu.demo.DemoApplicationTests

  .   ____          _            __ _ _
 /\\ / ___'_ __ _ _(_)_ __  __ _ \ \ \ \
( ( )\___ | '_ | '_| | '_ \/ _` | \ \ \ \
 \\/  ___)| |_)| | | | | || (_| |  ) ) ) )
  '  |____| .__|_| |_|_| |_\__, | / / / /
 =========|_|==============|___/=/_/_/_/

 :: Spring Boot ::                (v3.5.3)

2025-07-23T15:27:34.254+09:00  INFO 64534 --- [    Test worker] c.jungchongmu.demo.DemoApplicationTests  : Starting DemoApplicationTests using Java 21.0.3 with PID 64534 (started by hwangyerin in /Users/hwangyerin/Documents/Jungchongmu/backend)
2025-07-23T15:27:34.255+09:00  INFO 64534 --- [    Test worker] c.jungchongmu.demo.DemoApplicationTests  : No active profile set, falling back to 1 default profile: "default"
2025-07-23T15:27:34.895+09:00  INFO 64534 --- [    Test worker] c.jungchongmu.demo.DemoApplicationTests  : Started DemoApplicationTests in 0.838 seconds (process running for 1.649)
]]></system-out>
  <system-err><![CDATA[Mockito is currently self-attaching to enable the inline-mock-maker. This will no longer work in future releases of the JDK. Please add Mockito as an agent to your build as described in Mockito's documentation: https://javadoc.io/doc/org.mockito/mockito-core/latest/org.mockito/org/mockito/Mockito.html#0.3
WARNING: A Java agent has been loaded dynamically (/Users/hwangyerin/.gradle/caches/modules-2/files-2.1/net.bytebuddy/byte-buddy-agent/1.17.6/17b32fd9f57deef02842f7f05abc4ad8127fe34e/byte-buddy-agent-1.17.6.jar)
WARNING: If a serviceability tool is in use, please run with -XX:+EnableDynamicAgentLoading to hide this warning
WARNING: If a serviceability tool is not in use, please run with -Djdk.instrument.traceUsage for more information
WARNING: Dynamic loading of agents will be disallowed by default in a future release
]]></system-err>
</testsuite>
